<?xml version="1.0" encoding="UTF-8"?>
<!-- Generated by org.testng.reporters.JUnitReportReporter -->
<testsuite hostname="LAPTOP-QU0CJ3PU" failures="0" tests="1" name="SeleniumAutomation.SeleniumAutomation.Sikulitest" time="32.353" errors="0" timestamp="2024-02-16T00:51:35 IST" skipped="0">
  <testcase classname="SeleniumAutomation.SeleniumAutomation.Sikulitest" name="execute" time="32.353"/>
  <system-out/>
</testsuite> <!-- SeleniumAutomation.SeleniumAutomation.Sikulitest -->
