<?xml version="1.0" encoding="UTF-8"?>
<!-- Generated by org.testng.reporters.JUnitReportReporter -->
<testsuite hostname="LAPTOP-QU0CJ3PU" failures="0" tests="1" name="SeleniumAutomation.SeleniumAutomation.GenericRun" time="2.366" errors="0" timestamp="2024-05-19T16:00:47 IST" skipped="0">
  <testcase classname="SeleniumAutomation.SeleniumAutomation.GenericRun" name="testLogin" time="2.366"/>
  <system-out/>
</testsuite> <!-- SeleniumAutomation.SeleniumAutomation.GenericRun -->
