<?xml version="1.0" encoding="UTF-8"?>
<!-- Generated by org.testng.reporters.JUnitReportReporter -->
<testsuite hostname="LAPTOP-QU0CJ3PU" failures="0" tests="4" name="SeleniumAutomation.SeleniumAutomation.Mainpage" time="71.076" errors="0" timestamp="2024-01-04T12:13:30 IST" skipped="0">
  <testcase classname="SeleniumAutomation.SeleniumAutomation.Mainpage" name="addProduct" time="16.144"/>
  <system-out/>
  <testcase classname="SeleniumAutomation.SeleniumAutomation.Mainpage" name="checkoutoption" time="8.154"/>
  <system-out/>
  <testcase classname="SeleniumAutomation.SeleniumAutomation.Mainpage" name="login" time="38.473"/>
  <system-out/>
  <testcase classname="SeleniumAutomation.SeleniumAutomation.Mainpage" name="selectcart" time="8.305"/>
  <system-out/>
</testsuite> <!-- SeleniumAutomation.SeleniumAutomation.Mainpage -->
