<?xml version="1.0" encoding="UTF-8"?>
<!-- Generated by org.testng.reporters.JUnitReportReporter -->
<testsuite hostname="LAPTOP-QU0CJ3PU" failures="0" tests="1" name="letsshop.Testrunner" time="79.305" errors="0" timestamp="2024-01-18T10:02:10 IST" skipped="0">
  <testcase classname="letsshop.Testrunner" name="runScenario" time="79.305"/>
  <system-out/>
</testsuite> <!-- letsshop.Testrunner -->
