<?xml version="1.0" encoding="UTF-8"?>
<!-- Generated by org.testng.reporters.JUnitReportReporter -->
<testsuite hostname="LAPTOP-QU0CJ3PU" failures="0" tests="5" name="letsshop.Mainfile" time="96.369" errors="0" timestamp="2024-05-12T11:52:42 IST" skipped="0">
  <testcase classname="letsshop.Mainfile" name="checkoutoption" time="16.412"/>
  <system-out/>
  <testcase classname="letsshop.Mainfile" name="selectcart" time="10.069"/>
  <system-out/>
  <testcase classname="letsshop.Mainfile" name="login" time="44.838"/>
  <system-out/>
  <testcase classname="letsshop.Mainfile" name="aftercheckscrollup" time="8.220"/>
  <system-out/>
  <testcase classname="letsshop.Mainfile" name="addProduct" time="16.830"/>
  <system-out/>
</testsuite> <!-- letsshop.Mainfile -->
