<?xml version="1.0" encoding="UTF-8"?>
<!-- Generated by org.testng.reporters.JUnitReportReporter -->
<testsuite hostname="LAPTOP-QU0CJ3PU" failures="0" tests="2" name="Project.Mainfile" time="45.104" errors="0" timestamp="2024-02-22T01:50:43 IST" skipped="0">
  <testcase classname="Project.Mainfile" name="login" time="23.654"/>
  <testcase classname="Project.Mainfile" name="Elegantscreenshot" time="21.450"/>
</testsuite> <!-- Project.Mainfile -->
