<?xml version="1.0" encoding="UTF-8"?>
<!-- Generated by org.testng.reporters.JUnitReportReporter -->
<testsuite hostname="LAPTOP-QU0CJ3PU" failures="0" tests="2" name="SeleniumAutomation.SeleniumAutomation.Report" time="0.609" errors="0" timestamp="2024-03-06T16:17:25 IST" skipped="0">
  <testcase classname="SeleniumAutomation.SeleniumAutomation.Report" name="method2" time="0.016"/>
  <system-out/>
  <testcase classname="SeleniumAutomation.SeleniumAutomation.Report" name="method1" time="0.593"/>
  <system-out/>
</testsuite> <!-- SeleniumAutomation.SeleniumAutomation.Report -->
