<?xml version="1.0" encoding="UTF-8"?>
<!-- Generated by org.testng.reporters.JUnitReportReporter -->
<testsuite hostname="LAPTOP-QU0CJ3PU" failures="0" tests="1" name="SeleniumAutomation.SeleniumAutomation.App" time="93.982" errors="0" timestamp="2024-01-04T09:42:44 IST" skipped="0">
  <testcase classname="SeleniumAutomation.SeleniumAutomation.App" name="first" time="93.982"/>
  <system-out/>
</testsuite> <!-- SeleniumAutomation.SeleniumAutomation.App -->
